<?xml version="1.0" encoding="UTF-8"?>
<!-- Generated by org.testng.reporters.JUnitReportReporter -->
<testsuite hostname="PT-CTL-013" name="TestCases.Homepage" tests="1" failures="0" timestamp="29 Dec 2019 09:36:56 GMT" time="2.574" errors="0">
  <testcase name="LoginWithValidCred" time="2.574" classname="TestCases.Homepage"/>
</testsuite> <!-- TestCases.Homepage -->
